<?xml version="1.0" encoding="UTF-8"?>
<testsuite name="FileProcessorTest" tests="3" skipped="0" failures="0" errors="0" timestamp="2024-08-01T18:12:03" hostname="Brandons-MacBook-Air.local" time="0.135">
  <properties/>
  <testcase name="filterDocs_processStream_correctResults()" classname="FileProcessorTest" time="0.058"/>
  <testcase name="filterJava_processStream_correctResults()" classname="FileProcessorTest" time="0.018"/>
  <testcase name="sortAndSubmitAll_processStream_returnsCorrectResults()" classname="FileProcessorTest" time="0.029"/>
  <system-out><![CDATA[imports.java submitted to project server!
main.java submitted to project server!
userInput.java submitted to project server!
]]></system-out>
  <system-err><![CDATA[]]></system-err>
</testsuite>
